0 info it worked if it ends with ok
1 verbose cli [ '/Users/fabianopereirasoriani/.nvm/versions/node/v6.9.2/bin/node',
1 verbose cli   '/Users/fabianopereirasoriani/.nvm/versions/node/v6.9.2/bin/npm',
1 verbose cli   'run',
1 verbose cli   'mocha:single',
1 verbose cli   '--',
1 verbose cli   'tests/integration/happyPath.js' ]
2 info using npm@3.10.9
3 info using node@v6.9.2
4 verbose stack Error: ENOENT: no such file or directory, open '/Users/fabianopereirasoriani/Desktop/code-challenge/2-controller_problem/package.json'
4 verbose stack     at Error (native)
5 verbose cwd /Users/fabianopereirasoriani/Desktop/code-challenge/2-controller_problem
6 error Darwin 15.6.0
7 error argv "/Users/fabianopereirasoriani/.nvm/versions/node/v6.9.2/bin/node" "/Users/fabianopereirasoriani/.nvm/versions/node/v6.9.2/bin/npm" "run" "mocha:single" "--" "tests/integration/happyPath.js"
8 error node v6.9.2
9 error npm  v3.10.9
10 error path /Users/fabianopereirasoriani/Desktop/code-challenge/2-controller_problem/package.json
11 error code ENOENT
12 error errno -2
13 error syscall open
14 error enoent ENOENT: no such file or directory, open '/Users/fabianopereirasoriani/Desktop/code-challenge/2-controller_problem/package.json'
15 error enoent ENOENT: no such file or directory, open '/Users/fabianopereirasoriani/Desktop/code-challenge/2-controller_problem/package.json'
15 error enoent This is most likely not a problem with npm itself
15 error enoent and is related to npm not being able to find a file.
16 verbose exit [ -2, true ]
